c:\faks\git\zavrsni\zavrsni_rad_kod\zavrsni_rad_kod\x64\debug\vc143.pdb
c:\faks\git\zavrsni\zavrsni_rad_kod\zavrsni_rad_kod\x64\debug\vc143.idb
c:\faks\git\zavrsni\zavrsni_rad_kod\zavrsni_rad_kod\x64\debug\string.nativecodeanalysis.sarif
c:\faks\git\zavrsni\zavrsni_rad_kod\zavrsni_rad_kod\x64\debug\string.nativecodeanalysis.xml
c:\faks\git\zavrsni\zavrsni_rad_kod\zavrsni_rad_kod\x64\debug\print.nativecodeanalysis.sarif
c:\faks\git\zavrsni\zavrsni_rad_kod\zavrsni_rad_kod\x64\debug\print.nativecodeanalysis.xml
c:\faks\git\zavrsni\zavrsni_rad_kod\zavrsni_rad_kod\x64\debug\positionstack.nativecodeanalysis.sarif
c:\faks\git\zavrsni\zavrsni_rad_kod\zavrsni_rad_kod\x64\debug\positionstack.nativecodeanalysis.xml
c:\faks\git\zavrsni\zavrsni_rad_kod\zavrsni_rad_kod\x64\debug\move_generator.nativecodeanalysis.sarif
c:\faks\git\zavrsni\zavrsni_rad_kod\zavrsni_rad_kod\x64\debug\move_generator.nativecodeanalysis.xml
c:\faks\git\zavrsni\zavrsni_rad_kod\zavrsni_rad_kod\x64\debug\movements.nativecodeanalysis.sarif
c:\faks\git\zavrsni\zavrsni_rad_kod\zavrsni_rad_kod\x64\debug\movements.nativecodeanalysis.xml
c:\faks\git\zavrsni\zavrsni_rad_kod\zavrsni_rad_kod\x64\debug\move.nativecodeanalysis.sarif
c:\faks\git\zavrsni\zavrsni_rad_kod\zavrsni_rad_kod\x64\debug\move.nativecodeanalysis.xml
c:\faks\git\zavrsni\zavrsni_rad_kod\zavrsni_rad_kod\x64\debug\main.nativecodeanalysis.sarif
c:\faks\git\zavrsni\zavrsni_rad_kod\zavrsni_rad_kod\x64\debug\main.nativecodeanalysis.xml
c:\faks\git\zavrsni\zavrsni_rad_kod\zavrsni_rad_kod\x64\debug\helpers.nativecodeanalysis.sarif
c:\faks\git\zavrsni\zavrsni_rad_kod\zavrsni_rad_kod\x64\debug\helpers.nativecodeanalysis.xml
c:\faks\git\zavrsni\zavrsni_rad_kod\zavrsni_rad_kod\x64\debug\constructors_destructors.nativecodeanalysis.sarif
c:\faks\git\zavrsni\zavrsni_rad_kod\zavrsni_rad_kod\x64\debug\constructors_destructors.nativecodeanalysis.xml
c:\faks\git\zavrsni\zavrsni_rad_kod\zavrsni_rad_kod\x64\debug\chess_check.nativecodeanalysis.sarif
c:\faks\git\zavrsni\zavrsni_rad_kod\zavrsni_rad_kod\x64\debug\chess_check.nativecodeanalysis.xml
c:\faks\git\zavrsni\zavrsni_rad_kod\zavrsni_rad_kod\x64\debug\checkers.nativecodeanalysis.sarif
c:\faks\git\zavrsni\zavrsni_rad_kod\zavrsni_rad_kod\x64\debug\checkers.nativecodeanalysis.xml
c:\faks\git\zavrsni\zavrsni_rad_kod\zavrsni_rad_kod\x64\debug\calculate.nativecodeanalysis.sarif
c:\faks\git\zavrsni\zavrsni_rad_kod\zavrsni_rad_kod\x64\debug\calculate.nativecodeanalysis.xml
c:\faks\git\zavrsni\zavrsni_rad_kod\zavrsni_rad_kod\x64\debug\calculate.obj
c:\faks\git\zavrsni\zavrsni_rad_kod\zavrsni_rad_kod\x64\debug\checkers.obj
c:\faks\git\zavrsni\zavrsni_rad_kod\zavrsni_rad_kod\x64\debug\chess_check.obj
c:\faks\git\zavrsni\zavrsni_rad_kod\zavrsni_rad_kod\x64\debug\constructors_destructors.obj
c:\faks\git\zavrsni\zavrsni_rad_kod\zavrsni_rad_kod\x64\debug\helpers.obj
c:\faks\git\zavrsni\zavrsni_rad_kod\zavrsni_rad_kod\x64\debug\main.obj
c:\faks\git\zavrsni\zavrsni_rad_kod\zavrsni_rad_kod\x64\debug\move.obj
c:\faks\git\zavrsni\zavrsni_rad_kod\zavrsni_rad_kod\x64\debug\movements.obj
c:\faks\git\zavrsni\zavrsni_rad_kod\zavrsni_rad_kod\x64\debug\move_generator.obj
c:\faks\git\zavrsni\zavrsni_rad_kod\zavrsni_rad_kod\x64\debug\positionstack.obj
c:\faks\git\zavrsni\zavrsni_rad_kod\zavrsni_rad_kod\x64\debug\print.obj
c:\faks\git\zavrsni\zavrsni_rad_kod\zavrsni_rad_kod\x64\debug\string.obj
c:\faks\git\zavrsni\zavrsni_rad_kod\zavrsni_rad_kod\x64\debug\zavrsni_rad_kod.ilk
c:\faks\git\zavrsni\zavrsni_rad_kod\x64\debug\zavrsni_rad_kod.exe
c:\faks\git\zavrsni\zavrsni_rad_kod\x64\debug\zavrsni_rad_kod.pdb
c:\faks\git\zavrsni\zavrsni_rad_kod\zavrsni_rad_kod\x64\debug\vc.nativecodeanalysis.all.xml
c:\faks\git\zavrsni\zavrsni_rad_kod\zavrsni_rad_kod\x64\debug\zavrsni_rad_kod.tlog\cl.command.1.tlog
c:\faks\git\zavrsni\zavrsni_rad_kod\zavrsni_rad_kod\x64\debug\zavrsni_rad_kod.tlog\cl.read.1.tlog
c:\faks\git\zavrsni\zavrsni_rad_kod\zavrsni_rad_kod\x64\debug\zavrsni_rad_kod.tlog\cl.write.1.tlog
c:\faks\git\zavrsni\zavrsni_rad_kod\zavrsni_rad_kod\x64\debug\zavrsni_rad_kod.tlog\link.command.1.tlog
c:\faks\git\zavrsni\zavrsni_rad_kod\zavrsni_rad_kod\x64\debug\zavrsni_rad_kod.tlog\link.read.1.tlog
c:\faks\git\zavrsni\zavrsni_rad_kod\zavrsni_rad_kod\x64\debug\zavrsni_rad_kod.tlog\link.write.1.tlog
