  calculate.cpp
  checkers.cpp
  chess_check.cpp
  constructors_destructors.cpp
  helpers.cpp
  main.cpp
C:\FAKS\Git\C++ chess engine\Zavrsni_rad_kod\Zavrsni_rad_kod\main.cpp(6,13): warning C4326: return type of 'main' should be 'int' instead of 'void'
  move.cpp
  movements.cpp
  move_generator.cpp
  PositionStack.cpp
  print.cpp
  String.cpp
  Generating code
C:\FAKS\Git\C++ chess engine\Zavrsni_rad_kod\Zavrsni_rad_kod\helpers.cpp(49): warning C4715: 'Position::search_for_piece': not all control paths return a value
C:\FAKS\Git\C++ chess engine\Zavrsni_rad_kod\Zavrsni_rad_kod\chess_check.cpp(184): warning C4715: 'Position::pawn_check': not all control paths return a value
C:\FAKS\Git\C++ chess engine\Zavrsni_rad_kod\Zavrsni_rad_kod\chess_check.cpp(166): warning C4715: 'Position::knight_check': not all control paths return a value
  256 of 263 functions (97.3%) were compiled, the rest were copied from previous compilation.
    48 functions were new in current compilation
    2 functions had inline decision re-evaluated but remain unchanged
  Finished generating code
  Zavrsni_rad_kod.vcxproj -> C:\FAKS\Git\C++ chess engine\Zavrsni_rad_kod\x64\Release\Zavrsni_rad_kod.exe
