c:\faks\git\c++ chess engine\zavrsni_rad_kod\zavrsni_rad_kod\x64\release\vc143.pdb
c:\faks\git\c++ chess engine\zavrsni_rad_kod\zavrsni_rad_kod\x64\release\movements.obj
c:\faks\git\c++ chess engine\zavrsni_rad_kod\zavrsni_rad_kod\x64\release\main.obj
c:\faks\git\c++ chess engine\zavrsni_rad_kod\zavrsni_rad_kod\x64\release\chess_check.obj
c:\faks\git\c++ chess engine\zavrsni_rad_kod\zavrsni_rad_kod\x64\release\print.obj
c:\faks\git\c++ chess engine\zavrsni_rad_kod\zavrsni_rad_kod\x64\release\constructors_destructors.obj
c:\faks\git\c++ chess engine\zavrsni_rad_kod\zavrsni_rad_kod\x64\release\string.obj
c:\faks\git\c++ chess engine\zavrsni_rad_kod\zavrsni_rad_kod\x64\release\positionstack.obj
c:\faks\git\c++ chess engine\zavrsni_rad_kod\zavrsni_rad_kod\x64\release\move_generator.obj
c:\faks\git\c++ chess engine\zavrsni_rad_kod\zavrsni_rad_kod\x64\release\move.obj
c:\faks\git\c++ chess engine\zavrsni_rad_kod\zavrsni_rad_kod\x64\release\helpers.obj
c:\faks\git\c++ chess engine\zavrsni_rad_kod\zavrsni_rad_kod\x64\release\checkers.obj
c:\faks\git\c++ chess engine\zavrsni_rad_kod\zavrsni_rad_kod\x64\release\calculate.obj
c:\faks\git\c++ chess engine\zavrsni_rad_kod\zavrsni_rad_kod\x64\release\other.obj
c:\faks\git\c++ chess engine\zavrsni_rad_kod\zavrsni_rad_kod\x64\release\zavrsni_rad_kod.ipdb
c:\faks\git\c++ chess engine\zavrsni_rad_kod\zavrsni_rad_kod\x64\release\zavrsni_rad_kod.iobj
c:\faks\git\c++ chess engine\zavrsni_rad_kod\x64\release\zavrsni_rad_kod.pdb
c:\faks\git\c++ chess engine\zavrsni_rad_kod\zavrsni_rad_kod\x64\release\zavrsni_rad_kod.tlog\cl.command.1.tlog
c:\faks\git\c++ chess engine\zavrsni_rad_kod\zavrsni_rad_kod\x64\release\zavrsni_rad_kod.tlog\cl.read.1.tlog
c:\faks\git\c++ chess engine\zavrsni_rad_kod\zavrsni_rad_kod\x64\release\zavrsni_rad_kod.tlog\cl.write.1.tlog
c:\faks\git\c++ chess engine\zavrsni_rad_kod\zavrsni_rad_kod\x64\release\zavrsni_rad_kod.tlog\link.command.1.tlog
c:\faks\git\c++ chess engine\zavrsni_rad_kod\zavrsni_rad_kod\x64\release\zavrsni_rad_kod.tlog\link.read.1.tlog
c:\faks\git\c++ chess engine\zavrsni_rad_kod\zavrsni_rad_kod\x64\release\zavrsni_rad_kod.tlog\link.write.1.tlog
